2022/09/16 20:01:51 main.go:15: test
2022/09/16 20:25:40 main.go:17: test
2022/09/16 21:14:12 main.go:17: test
2022/09/16 22:43:10 users.go:33: sql: converting argument $1 type: unsupported type func() uuid.UUID, a func
2022/09/17 17:42:38 todos.go:23: near "value": syntax error
2022/09/18 17:58:55 server.go:3230: http: panic serving [::1]:63961: open app/views/templates/public_nabvar.html: no such file or directory
goroutine 20 [running]:
net/http.(*conn).serve.func1()
	/usr/local/go/src/net/http/server.go:1850 +0xbf
panic({0x44c4780, 0xc000094090})
	/usr/local/go/src/runtime/panic.go:890 +0x262
html/template.Must(...)
	/usr/local/go/src/html/template/template.go:368
hello/app/controllers.generateHTML({0x45aec48?, 0xc00021c000}, {0x44a0be0, 0x45ab0d0}, {0xc0001bba10?, 0x3, 0x0?})
	/Users/yamanakakohei/go_todo/app/controllers/server.go:19 +0x106
hello/app/controllers.top({0x45aec48?, 0xc00021c000?}, 0x40c3633?)
	/Users/yamanakakohei/go_todo/app/controllers/route_main.go:10 +0x97
net/http.HandlerFunc.ServeHTTP(0xc0001bbaf0?, {0x45aec48?, 0xc00021c000?}, 0x0?)
	/usr/local/go/src/net/http/server.go:2109 +0x2f
net/http.(*ServeMux).ServeHTTP(0x0?, {0x45aec48, 0xc00021c000}, 0xc0001fe100)
	/usr/local/go/src/net/http/server.go:2487 +0x149
net/http.serverHandler.ServeHTTP({0xc0001955f0?}, {0x45aec48, 0xc00021c000}, 0xc0001fe100)
	/usr/local/go/src/net/http/server.go:2947 +0x30c
net/http.(*conn).serve(0xc0001b1400, {0x45af100, 0xc000195500})
	/usr/local/go/src/net/http/server.go:1991 +0x607
created by net/http.(*Server).Serve
	/usr/local/go/src/net/http/server.go:3102 +0x4db
2022/09/18 17:58:55 server.go:3230: http: panic serving [::1]:63962: open app/views/templates/public_nabvar.html: no such file or directory
goroutine 34 [running]:
net/http.(*conn).serve.func1()
	/usr/local/go/src/net/http/server.go:1850 +0xbf
panic({0x44c4780, 0xc000195ad0})
	/usr/local/go/src/runtime/panic.go:890 +0x262
html/template.Must(...)
	/usr/local/go/src/html/template/template.go:368
hello/app/controllers.generateHTML({0x45aec48?, 0xc000146000}, {0x44a0be0, 0x45ab0d0}, {0xc000117a10?, 0x3, 0x0?})
	/Users/yamanakakohei/go_todo/app/controllers/server.go:19 +0x106
hello/app/controllers.top({0x45aec48?, 0xc000146000?}, 0x40c3633?)
	/Users/yamanakakohei/go_todo/app/controllers/route_main.go:10 +0x97
net/http.HandlerFunc.ServeHTTP(0xc000117af0?, {0x45aec48?, 0xc000146000?}, 0x0?)
	/usr/local/go/src/net/http/server.go:2109 +0x2f
net/http.(*ServeMux).ServeHTTP(0x0?, {0x45aec48, 0xc000146000}, 0xc000130000)
	/usr/local/go/src/net/http/server.go:2487 +0x149
net/http.serverHandler.ServeHTTP({0xc00011a120?}, {0x45aec48, 0xc000146000}, 0xc000130000)
	/usr/local/go/src/net/http/server.go:2947 +0x30c
net/http.(*conn).serve(0xc00012c000, {0x45af100, 0xc000195500})
	/usr/local/go/src/net/http/server.go:1991 +0x607
created by net/http.(*Server).Serve
	/usr/local/go/src/net/http/server.go:3102 +0x4db
2022/09/18 17:58:56 server.go:3230: http: panic serving [::1]:63963: open app/views/templates/public_nabvar.html: no such file or directory
goroutine 37 [running]:
net/http.(*conn).serve.func1()
	/usr/local/go/src/net/http/server.go:1850 +0xbf
panic({0x44c4780, 0xc00011a9c0})
	/usr/local/go/src/runtime/panic.go:890 +0x262
html/template.Must(...)
	/usr/local/go/src/html/template/template.go:368
hello/app/controllers.generateHTML({0x45aec48?, 0xc0001460e0}, {0x44a0be0, 0x45ab0d0}, {0xc000117a10?, 0x3, 0x0?})
	/Users/yamanakakohei/go_todo/app/controllers/server.go:19 +0x106
hello/app/controllers.top({0x45aec48?, 0xc0001460e0?}, 0x40c3633?)
	/Users/yamanakakohei/go_todo/app/controllers/route_main.go:10 +0x97
net/http.HandlerFunc.ServeHTTP(0xc000117af0?, {0x45aec48?, 0xc0001460e0?}, 0x0?)
	/usr/local/go/src/net/http/server.go:2109 +0x2f
net/http.(*ServeMux).ServeHTTP(0x0?, {0x45aec48, 0xc0001460e0}, 0xc000130100)
	/usr/local/go/src/net/http/server.go:2487 +0x149
net/http.serverHandler.ServeHTTP({0xc00011a540?}, {0x45aec48, 0xc0001460e0}, 0xc000130100)
	/usr/local/go/src/net/http/server.go:2947 +0x30c
net/http.(*conn).serve(0xc00012c0a0, {0x45af100, 0xc000195500})
	/usr/local/go/src/net/http/server.go:1991 +0x607
created by net/http.(*Server).Serve
	/usr/local/go/src/net/http/server.go:3102 +0x4db
2022/09/18 17:58:56 server.go:3230: http: panic serving [::1]:63964: open app/views/templates/public_nabvar.html: no such file or directory
goroutine 23 [running]:
net/http.(*conn).serve.func1()
	/usr/local/go/src/net/http/server.go:1850 +0xbf
panic({0x44c4780, 0xc000195c80})
	/usr/local/go/src/runtime/panic.go:890 +0x262
html/template.Must(...)
	/usr/local/go/src/html/template/template.go:368
hello/app/controllers.generateHTML({0x45aec48?, 0xc0001461c0}, {0x44a0be0, 0x45ab0d0}, {0xc000058a10?, 0x3, 0x0?})
	/Users/yamanakakohei/go_todo/app/controllers/server.go:19 +0x106
hello/app/controllers.top({0x45aec48?, 0xc0001461c0?}, 0x40c3633?)
	/Users/yamanakakohei/go_todo/app/controllers/route_main.go:10 +0x97
net/http.HandlerFunc.ServeHTTP(0xc000058af0?, {0x45aec48?, 0xc0001461c0?}, 0x0?)
	/usr/local/go/src/net/http/server.go:2109 +0x2f
net/http.(*ServeMux).ServeHTTP(0x0?, {0x45aec48, 0xc0001461c0}, 0xc0001fe300)
	/usr/local/go/src/net/http/server.go:2487 +0x149
net/http.serverHandler.ServeHTTP({0xc000195b90?}, {0x45aec48, 0xc0001461c0}, 0xc0001fe300)
	/usr/local/go/src/net/http/server.go:2947 +0x30c
net/http.(*conn).serve(0xc0001b14a0, {0x45af100, 0xc000195500})
	/usr/local/go/src/net/http/server.go:1991 +0x607
created by net/http.(*Server).Serve
	/usr/local/go/src/net/http/server.go:3102 +0x4db
2022/09/18 17:58:56 server.go:3230: http: panic serving [::1]:63965: open app/views/templates/public_nabvar.html: no such file or directory
goroutine 24 [running]:
net/http.(*conn).serve.func1()
	/usr/local/go/src/net/http/server.go:1850 +0xbf
panic({0x44c4780, 0xc00011af00})
	/usr/local/go/src/runtime/panic.go:890 +0x262
html/template.Must(...)
	/usr/local/go/src/html/template/template.go:368
hello/app/controllers.generateHTML({0x45aec48?, 0xc00021c0e0}, {0x44a0be0, 0x45ab0d0}, {0xc000059a10?, 0x3, 0x0?})
	/Users/yamanakakohei/go_todo/app/controllers/server.go:19 +0x106
hello/app/controllers.top({0x45aec48?, 0xc00021c0e0?}, 0x40c3633?)
	/Users/yamanakakohei/go_todo/app/controllers/route_main.go:10 +0x97
net/http.HandlerFunc.ServeHTTP(0xc000059af0?, {0x45aec48?, 0xc00021c0e0?}, 0x0?)
	/usr/local/go/src/net/http/server.go:2109 +0x2f
net/http.(*ServeMux).ServeHTTP(0x0?, {0x45aec48, 0xc00021c0e0}, 0xc0001fe400)
	/usr/local/go/src/net/http/server.go:2487 +0x149
net/http.serverHandler.ServeHTTP({0xc000195d40?}, {0x45aec48, 0xc00021c0e0}, 0xc0001fe400)
	/usr/local/go/src/net/http/server.go:2947 +0x30c
net/http.(*conn).serve(0xc0001b1540, {0x45af100, 0xc000195500})
	/usr/local/go/src/net/http/server.go:1991 +0x607
created by net/http.(*Server).Serve
	/usr/local/go/src/net/http/server.go:3102 +0x4db
2022/09/18 17:59:55 server.go:3230: http: panic serving [::1]:63969: open app/views/templates/public_nabvar.html: no such file or directory
goroutine 20 [running]:
net/http.(*conn).serve.func1()
	/usr/local/go/src/net/http/server.go:1850 +0xbf
panic({0x44c4780, 0xc000076090})
	/usr/local/go/src/runtime/panic.go:890 +0x262
html/template.Must(...)
	/usr/local/go/src/html/template/template.go:368
hello/app/controllers.generateHTML({0x45aec48?, 0xc0001a4000}, {0x44a0be0, 0x45ab0d0}, {0xc0000c1a10?, 0x3, 0x0?})
	/Users/yamanakakohei/go_todo/app/controllers/server.go:19 +0x106
hello/app/controllers.top({0x45aec48?, 0xc0001a4000?}, 0x40c3633?)
	/Users/yamanakakohei/go_todo/app/controllers/route_main.go:10 +0x97
net/http.HandlerFunc.ServeHTTP(0xc0000c1af0?, {0x45aec48?, 0xc0001a4000?}, 0x0?)
	/usr/local/go/src/net/http/server.go:2109 +0x2f
net/http.(*ServeMux).ServeHTTP(0x0?, {0x45aec48, 0xc0001a4000}, 0xc00012a000)
	/usr/local/go/src/net/http/server.go:2487 +0x149
net/http.serverHandler.ServeHTTP({0xc00011e030?}, {0x45aec48, 0xc0001a4000}, 0xc00012a000)
	/usr/local/go/src/net/http/server.go:2947 +0x30c
net/http.(*conn).serve(0xc0000b7400, {0x45af100, 0xc00009b500})
	/usr/local/go/src/net/http/server.go:1991 +0x607
created by net/http.(*Server).Serve
	/usr/local/go/src/net/http/server.go:3102 +0x4db
2022/09/18 17:59:55 server.go:3230: http: panic serving [::1]:63970: open app/views/templates/public_nabvar.html: no such file or directory
goroutine 21 [running]:
net/http.(*conn).serve.func1()
	/usr/local/go/src/net/http/server.go:1850 +0xbf
panic({0x44c4780, 0xc000076510})
	/usr/local/go/src/runtime/panic.go:890 +0x262
html/template.Must(...)
	/usr/local/go/src/html/template/template.go:368
hello/app/controllers.generateHTML({0x45aec48?, 0xc000228000}, {0x44a0be0, 0x45ab0d0}, {0xc000058a10?, 0x3, 0x0?})
	/Users/yamanakakohei/go_todo/app/controllers/server.go:19 +0x106
hello/app/controllers.top({0x45aec48?, 0xc000228000?}, 0x40c3633?)
	/Users/yamanakakohei/go_todo/app/controllers/route_main.go:10 +0x97
net/http.HandlerFunc.ServeHTTP(0xc000058af0?, {0x45aec48?, 0xc000228000?}, 0x0?)
	/usr/local/go/src/net/http/server.go:2109 +0x2f
net/http.(*ServeMux).ServeHTTP(0x0?, {0x45aec48, 0xc000228000}, 0xc000186100)
	/usr/local/go/src/net/http/server.go:2487 +0x149
net/http.serverHandler.ServeHTTP({0xc00009b650?}, {0x45aec48, 0xc000228000}, 0xc000186100)
	/usr/local/go/src/net/http/server.go:2947 +0x30c
net/http.(*conn).serve(0xc0000b74a0, {0x45af100, 0xc00009b500})
	/usr/local/go/src/net/http/server.go:1991 +0x607
created by net/http.(*Server).Serve
	/usr/local/go/src/net/http/server.go:3102 +0x4db
2022/09/18 17:59:55 server.go:3230: http: panic serving [::1]:63971: open app/views/templates/public_nabvar.html: no such file or directory
goroutine 7 [running]:
net/http.(*conn).serve.func1()
	/usr/local/go/src/net/http/server.go:1850 +0xbf
panic({0x44c4780, 0xc00009baa0})
	/usr/local/go/src/runtime/panic.go:890 +0x262
html/template.Must(...)
	/usr/local/go/src/html/template/template.go:368
hello/app/controllers.generateHTML({0x45aec48?, 0xc0002280e0}, {0x44a0be0, 0x45ab0d0}, {0xc000058a10?, 0x3, 0x0?})
	/Users/yamanakakohei/go_todo/app/controllers/server.go:19 +0x106
hello/app/controllers.top({0x45aec48?, 0xc0002280e0?}, 0x40c3633?)
	/Users/yamanakakohei/go_todo/app/controllers/route_main.go:10 +0x97
net/http.HandlerFunc.ServeHTTP(0xc000058af0?, {0x45aec48?, 0xc0002280e0?}, 0x0?)
	/usr/local/go/src/net/http/server.go:2109 +0x2f
net/http.(*ServeMux).ServeHTTP(0x0?, {0x45aec48, 0xc0002280e0}, 0xc000246000)
	/usr/local/go/src/net/http/server.go:2487 +0x149
net/http.serverHandler.ServeHTTP({0xc0000765d0?}, {0x45aec48, 0xc0002280e0}, 0xc000246000)
	/usr/local/go/src/net/http/server.go:2947 +0x30c
net/http.(*conn).serve(0xc0000000a0, {0x45af100, 0xc00009b500})
	/usr/local/go/src/net/http/server.go:1991 +0x607
created by net/http.(*Server).Serve
	/usr/local/go/src/net/http/server.go:3102 +0x4db
2022/09/18 17:59:56 server.go:3230: http: panic serving [::1]:63972: open app/views/templates/public_nabvar.html: no such file or directory
goroutine 24 [running]:
net/http.(*conn).serve.func1()
	/usr/local/go/src/net/http/server.go:1850 +0xbf
panic({0x44c4780, 0xc000076de0})
	/usr/local/go/src/runtime/panic.go:890 +0x262
html/template.Must(...)
	/usr/local/go/src/html/template/template.go:368
hello/app/controllers.generateHTML({0x45aec48?, 0xc0002281c0}, {0x44a0be0, 0x45ab0d0}, {0xc000058a10?, 0x3, 0x0?})
	/Users/yamanakakohei/go_todo/app/controllers/server.go:19 +0x106
hello/app/controllers.top({0x45aec48?, 0xc0002281c0?}, 0x40c3633?)
	/Users/yamanakakohei/go_todo/app/controllers/route_main.go:10 +0x97
net/http.HandlerFunc.ServeHTTP(0xc000058af0?, {0x45aec48?, 0xc0002281c0?}, 0x0?)
	/usr/local/go/src/net/http/server.go:2109 +0x2f
net/http.(*ServeMux).ServeHTTP(0x0?, {0x45aec48, 0xc0002281c0}, 0xc000246100)
	/usr/local/go/src/net/http/server.go:2487 +0x149
net/http.serverHandler.ServeHTTP({0xc000076960?}, {0x45aec48, 0xc0002281c0}, 0xc000246100)
	/usr/local/go/src/net/http/server.go:2947 +0x30c
net/http.(*conn).serve(0xc0000b7540, {0x45af100, 0xc00009b500})
	/usr/local/go/src/net/http/server.go:1991 +0x607
created by net/http.(*Server).Serve
	/usr/local/go/src/net/http/server.go:3102 +0x4db
2022/09/18 17:59:59 server.go:3230: http: panic serving [::1]:63973: open app/views/templates/public_nabvar.html: no such file or directory
goroutine 25 [running]:
net/http.(*conn).serve.func1()
	/usr/local/go/src/net/http/server.go:1850 +0xbf
panic({0x44c4780, 0xc00009bd40})
	/usr/local/go/src/runtime/panic.go:890 +0x262
html/template.Must(...)
	/usr/local/go/src/html/template/template.go:368
hello/app/controllers.generateHTML({0x45aec48?, 0xc0002282a0}, {0x44a0be0, 0x45ab0d0}, {0xc000119a10?, 0x3, 0x0?})
	/Users/yamanakakohei/go_todo/app/controllers/server.go:19 +0x106
hello/app/controllers.top({0x45aec48?, 0xc0002282a0?}, 0x40c3633?)
	/Users/yamanakakohei/go_todo/app/controllers/route_main.go:10 +0x97
net/http.HandlerFunc.ServeHTTP(0xc000119af0?, {0x45aec48?, 0xc0002282a0?}, 0x0?)
	/usr/local/go/src/net/http/server.go:2109 +0x2f
net/http.(*ServeMux).ServeHTTP(0x0?, {0x45aec48, 0xc0002282a0}, 0xc000186200)
	/usr/local/go/src/net/http/server.go:2487 +0x149
net/http.serverHandler.ServeHTTP({0xc00009bbc0?}, {0x45aec48, 0xc0002282a0}, 0xc000186200)
	/usr/local/go/src/net/http/server.go:2947 +0x30c
net/http.(*conn).serve(0xc0000b75e0, {0x45af100, 0xc00009b500})
	/usr/local/go/src/net/http/server.go:1991 +0x607
created by net/http.(*Server).Serve
	/usr/local/go/src/net/http/server.go:3102 +0x4db
2022/09/18 17:59:59 server.go:3230: http: panic serving [::1]:63974: open app/views/templates/public_nabvar.html: no such file or directory
goroutine 34 [running]:
net/http.(*conn).serve.func1()
	/usr/local/go/src/net/http/server.go:1850 +0xbf
panic({0x44c4780, 0xc000290150})
	/usr/local/go/src/runtime/panic.go:890 +0x262
html/template.Must(...)
	/usr/local/go/src/html/template/template.go:368
hello/app/controllers.generateHTML({0x45aec48?, 0xc0001a40e0}, {0x44a0be0, 0x45ab0d0}, {0xc00011aa10?, 0x3, 0x0?})
	/Users/yamanakakohei/go_todo/app/controllers/server.go:19 +0x106
hello/app/controllers.top({0x45aec48?, 0xc0001a40e0?}, 0x40c3633?)
	/Users/yamanakakohei/go_todo/app/controllers/route_main.go:10 +0x97
net/http.HandlerFunc.ServeHTTP(0xc00011aaf0?, {0x45aec48?, 0xc0001a40e0?}, 0x0?)
	/usr/local/go/src/net/http/server.go:2109 +0x2f
net/http.(*ServeMux).ServeHTTP(0x0?, {0x45aec48, 0xc0001a40e0}, 0xc00012a100)
	/usr/local/go/src/net/http/server.go:2487 +0x149
net/http.serverHandler.ServeHTTP({0xc00011e240?}, {0x45aec48, 0xc0001a40e0}, 0xc00012a100)
	/usr/local/go/src/net/http/server.go:2947 +0x30c
net/http.(*conn).serve(0xc000134000, {0x45af100, 0xc00009b500})
	/usr/local/go/src/net/http/server.go:1991 +0x607
created by net/http.(*Server).Serve
	/usr/local/go/src/net/http/server.go:3102 +0x4db
2022/09/18 17:59:59 server.go:3230: http: panic serving [::1]:63975: open app/views/templates/public_nabvar.html: no such file or directory
goroutine 50 [running]:
net/http.(*conn).serve.func1()
	/usr/local/go/src/net/http/server.go:1850 +0xbf
panic({0x44c4780, 0xc0002906c0})
	/usr/local/go/src/runtime/panic.go:890 +0x262
html/template.Must(...)
	/usr/local/go/src/html/template/template.go:368
hello/app/controllers.generateHTML({0x45aec48?, 0xc0002e2000}, {0x44a0be0, 0x45ab0d0}, {0xc000114a10?, 0x3, 0x0?})
	/Users/yamanakakohei/go_todo/app/controllers/server.go:19 +0x106
hello/app/controllers.top({0x45aec48?, 0xc0002e2000?}, 0x40c3633?)
	/Users/yamanakakohei/go_todo/app/controllers/route_main.go:10 +0x97
net/http.HandlerFunc.ServeHTTP(0xc000114af0?, {0x45aec48?, 0xc0002e2000?}, 0x0?)
	/usr/local/go/src/net/http/server.go:2109 +0x2f
net/http.(*ServeMux).ServeHTTP(0x0?, {0x45aec48, 0xc0002e2000}, 0xc0002d0000)
	/usr/local/go/src/net/http/server.go:2487 +0x149
net/http.serverHandler.ServeHTTP({0xc000290210?}, {0x45aec48, 0xc0002e2000}, 0xc0002d0000)
	/usr/local/go/src/net/http/server.go:2947 +0x30c
net/http.(*conn).serve(0xc0002ce000, {0x45af100, 0xc00009b500})
	/usr/local/go/src/net/http/server.go:1991 +0x607
created by net/http.(*Server).Serve
	/usr/local/go/src/net/http/server.go:3102 +0x4db
2022/09/18 18:00:00 server.go:3230: http: panic serving [::1]:63976: open app/views/templates/public_nabvar.html: no such file or directory
goroutine 53 [running]:
net/http.(*conn).serve.func1()
	/usr/local/go/src/net/http/server.go:1850 +0xbf
panic({0x44c4780, 0xc000290900})
	/usr/local/go/src/runtime/panic.go:890 +0x262
html/template.Must(...)
	/usr/local/go/src/html/template/template.go:368
hello/app/controllers.generateHTML({0x45aec48?, 0xc0001a41c0}, {0x44a0be0, 0x45ab0d0}, {0xc000114a10?, 0x3, 0x0?})
	/Users/yamanakakohei/go_todo/app/controllers/server.go:19 +0x106
hello/app/controllers.top({0x45aec48?, 0xc0001a41c0?}, 0x40c3633?)
	/Users/yamanakakohei/go_todo/app/controllers/route_main.go:10 +0x97
net/http.HandlerFunc.ServeHTTP(0xc000114af0?, {0x45aec48?, 0xc0001a41c0?}, 0x0?)
	/usr/local/go/src/net/http/server.go:2109 +0x2f
net/http.(*ServeMux).ServeHTTP(0x0?, {0x45aec48, 0xc0001a41c0}, 0xc0002d0200)
	/usr/local/go/src/net/http/server.go:2487 +0x149
net/http.serverHandler.ServeHTTP({0xc000290780?}, {0x45aec48, 0xc0001a41c0}, 0xc0002d0200)
	/usr/local/go/src/net/http/server.go:2947 +0x30c
net/http.(*conn).serve(0xc0002ce0a0, {0x45af100, 0xc00009b500})
	/usr/local/go/src/net/http/server.go:1991 +0x607
created by net/http.(*Server).Serve
	/usr/local/go/src/net/http/server.go:3102 +0x4db
2022/09/18 18:00:00 server.go:3230: http: panic serving [::1]:63977: open app/views/templates/public_nabvar.html: no such file or directory
goroutine 28 [running]:
net/http.(*conn).serve.func1()
	/usr/local/go/src/net/http/server.go:1850 +0xbf
panic({0x44c4780, 0xc000290d80})
	/usr/local/go/src/runtime/panic.go:890 +0x262
html/template.Must(...)
	/usr/local/go/src/html/template/template.go:368
hello/app/controllers.generateHTML({0x45aec48?, 0xc0002e20e0}, {0x44a0be0, 0x45ab0d0}, {0xc00011aa10?, 0x3, 0x0?})
	/Users/yamanakakohei/go_todo/app/controllers/server.go:19 +0x106
hello/app/controllers.top({0x45aec48?, 0xc0002e20e0?}, 0x40c3633?)
	/Users/yamanakakohei/go_todo/app/controllers/route_main.go:10 +0x97
net/http.HandlerFunc.ServeHTTP(0xc00011aaf0?, {0x45aec48?, 0xc0002e20e0?}, 0x0?)
	/usr/local/go/src/net/http/server.go:2109 +0x2f
net/http.(*ServeMux).ServeHTTP(0x0?, {0x45aec48, 0xc0002e20e0}, 0xc000186400)
	/usr/local/go/src/net/http/server.go:2487 +0x149
net/http.serverHandler.ServeHTTP({0xc0001d0120?}, {0x45aec48, 0xc0002e20e0}, 0xc000186400)
	/usr/local/go/src/net/http/server.go:2947 +0x30c
net/http.(*conn).serve(0xc0000b7680, {0x45af100, 0xc00009b500})
	/usr/local/go/src/net/http/server.go:1991 +0x607
created by net/http.(*Server).Serve
	/usr/local/go/src/net/http/server.go:3102 +0x4db
2022/09/18 18:00:00 server.go:3230: http: panic serving [::1]:63978: open app/views/templates/public_nabvar.html: no such file or directory
goroutine 31 [running]:
net/http.(*conn).serve.func1()
	/usr/local/go/src/net/http/server.go:1850 +0xbf
panic({0x44c4780, 0xc000077290})
	/usr/local/go/src/runtime/panic.go:890 +0x262
html/template.Must(...)
	/usr/local/go/src/html/template/template.go:368
hello/app/controllers.generateHTML({0x45aec48?, 0xc0002e21c0}, {0x44a0be0, 0x45ab0d0}, {0xc000114a10?, 0x3, 0x0?})
	/Users/yamanakakohei/go_todo/app/controllers/server.go:19 +0x106
hello/app/controllers.top({0x45aec48?, 0xc0002e21c0?}, 0x40c3633?)
	/Users/yamanakakohei/go_todo/app/controllers/route_main.go:10 +0x97
net/http.HandlerFunc.ServeHTTP(0xc000114af0?, {0x45aec48?, 0xc0002e21c0?}, 0x0?)
	/usr/local/go/src/net/http/server.go:2109 +0x2f
net/http.(*ServeMux).ServeHTTP(0x0?, {0x45aec48, 0xc0002e21c0}, 0xc000186700)
	/usr/local/go/src/net/http/server.go:2487 +0x149
net/http.serverHandler.ServeHTTP({0xc0001d04e0?}, {0x45aec48, 0xc0002e21c0}, 0xc000186700)
	/usr/local/go/src/net/http/server.go:2947 +0x30c
net/http.(*conn).serve(0xc0000b7720, {0x45af100, 0xc00009b500})
	/usr/local/go/src/net/http/server.go:1991 +0x607
created by net/http.(*Server).Serve
	/usr/local/go/src/net/http/server.go:3102 +0x4db
2022/09/18 18:00:00 server.go:3230: http: panic serving [::1]:63979: open app/views/templates/public_nabvar.html: no such file or directory
goroutine 14 [running]:
net/http.(*conn).serve.func1()
	/usr/local/go/src/net/http/server.go:1850 +0xbf
panic({0x44c4780, 0xc000077830})
	/usr/local/go/src/runtime/panic.go:890 +0x262
html/template.Must(...)
	/usr/local/go/src/html/template/template.go:368
hello/app/controllers.generateHTML({0x45aec48?, 0xc000228380}, {0x44a0be0, 0x45ab0d0}, {0xc000119a10?, 0x3, 0x0?})
	/Users/yamanakakohei/go_todo/app/controllers/server.go:19 +0x106
hello/app/controllers.top({0x45aec48?, 0xc000228380?}, 0x40c3633?)
	/Users/yamanakakohei/go_todo/app/controllers/route_main.go:10 +0x97
net/http.HandlerFunc.ServeHTTP(0xc000119af0?, {0x45aec48?, 0xc000228380?}, 0x0?)
	/usr/local/go/src/net/http/server.go:2109 +0x2f
net/http.(*ServeMux).ServeHTTP(0x0?, {0x45aec48, 0xc000228380}, 0xc000246400)
	/usr/local/go/src/net/http/server.go:2487 +0x149
net/http.serverHandler.ServeHTTP({0xc0000773b0?}, {0x45aec48, 0xc000228380}, 0xc000246400)
	/usr/local/go/src/net/http/server.go:2947 +0x30c
net/http.(*conn).serve(0xc000000140, {0x45af100, 0xc00009b500})
	/usr/local/go/src/net/http/server.go:1991 +0x607
created by net/http.(*Server).Serve
	/usr/local/go/src/net/http/server.go:3102 +0x4db
2022/09/18 18:00:00 server.go:3230: http: panic serving [::1]:63980: open app/views/templates/public_nabvar.html: no such file or directory
goroutine 66 [running]:
net/http.(*conn).serve.func1()
	/usr/local/go/src/net/http/server.go:1850 +0xbf
panic({0x44c4780, 0xc000077ad0})
	/usr/local/go/src/runtime/panic.go:890 +0x262
html/template.Must(...)
	/usr/local/go/src/html/template/template.go:368
hello/app/controllers.generateHTML({0x45aec48?, 0xc0002e22a0}, {0x44a0be0, 0x45ab0d0}, {0xc000114a10?, 0x3, 0x0?})
	/Users/yamanakakohei/go_todo/app/controllers/server.go:19 +0x106
hello/app/controllers.top({0x45aec48?, 0xc0002e22a0?}, 0x40c3633?)
	/Users/yamanakakohei/go_todo/app/controllers/route_main.go:10 +0x97
net/http.HandlerFunc.ServeHTTP(0xc000114af0?, {0x45aec48?, 0xc0002e22a0?}, 0x0?)
	/usr/local/go/src/net/http/server.go:2109 +0x2f
net/http.(*ServeMux).ServeHTTP(0x0?, {0x45aec48, 0xc0002e22a0}, 0xc0002d0500)
	/usr/local/go/src/net/http/server.go:2487 +0x149
net/http.serverHandler.ServeHTTP({0xc000291170?}, {0x45aec48, 0xc0002e22a0}, 0xc0002d0500)
	/usr/local/go/src/net/http/server.go:2947 +0x30c
net/http.(*conn).serve(0xc0000001e0, {0x45af100, 0xc00009b500})
	/usr/local/go/src/net/http/server.go:1991 +0x607
created by net/http.(*Server).Serve
	/usr/local/go/src/net/http/server.go:3102 +0x4db
2022/09/18 18:00:00 server.go:3230: http: panic serving [::1]:63981: open app/views/templates/public_nabvar.html: no such file or directory
goroutine 67 [running]:
net/http.(*conn).serve.func1()
	/usr/local/go/src/net/http/server.go:1850 +0xbf
panic({0x44c4780, 0xc000077f50})
	/usr/local/go/src/runtime/panic.go:890 +0x262
html/template.Must(...)
	/usr/local/go/src/html/template/template.go:368
hello/app/controllers.generateHTML({0x45aec48?, 0xc000228460}, {0x44a0be0, 0x45ab0d0}, {0xc000119a10?, 0x3, 0x0?})
	/Users/yamanakakohei/go_todo/app/controllers/server.go:19 +0x106
hello/app/controllers.top({0x45aec48?, 0xc000228460?}, 0x40c3633?)
	/Users/yamanakakohei/go_todo/app/controllers/route_main.go:10 +0x97
net/http.HandlerFunc.ServeHTTP(0xc000119af0?, {0x45aec48?, 0xc000228460?}, 0x0?)
	/usr/local/go/src/net/http/server.go:2109 +0x2f
net/http.(*ServeMux).ServeHTTP(0x0?, {0x45aec48, 0xc000228460}, 0xc000246600)
	/usr/local/go/src/net/http/server.go:2487 +0x149
net/http.serverHandler.ServeHTTP({0xc000077950?}, {0x45aec48, 0xc000228460}, 0xc000246600)
	/usr/local/go/src/net/http/server.go:2947 +0x30c
net/http.(*conn).serve(0xc000000280, {0x45af100, 0xc00009b500})
	/usr/local/go/src/net/http/server.go:1991 +0x607
created by net/http.(*Server).Serve
	/usr/local/go/src/net/http/server.go:3102 +0x4db
2022/09/18 18:00:00 server.go:3230: http: panic serving [::1]:63982: open app/views/templates/public_nabvar.html: no such file or directory
goroutine 32 [running]:
net/http.(*conn).serve.func1()
	/usr/local/go/src/net/http/server.go:1850 +0xbf
panic({0x44c4780, 0xc000291500})
	/usr/local/go/src/runtime/panic.go:890 +0x262
html/template.Must(...)
	/usr/local/go/src/html/template/template.go:368
hello/app/controllers.generateHTML({0x45aec48?, 0xc000228540}, {0x44a0be0, 0x45ab0d0}, {0xc000059a10?, 0x3, 0x0?})
	/Users/yamanakakohei/go_todo/app/controllers/server.go:19 +0x106
hello/app/controllers.top({0x45aec48?, 0xc000228540?}, 0x40c3633?)
	/Users/yamanakakohei/go_todo/app/controllers/route_main.go:10 +0x97
net/http.HandlerFunc.ServeHTTP(0xc000059af0?, {0x45aec48?, 0xc000228540?}, 0x0?)
	/usr/local/go/src/net/http/server.go:2109 +0x2f
net/http.(*ServeMux).ServeHTTP(0x0?, {0x45aec48, 0xc000228540}, 0xc000186800)
	/usr/local/go/src/net/http/server.go:2487 +0x149
net/http.serverHandler.ServeHTTP({0xc0001d05a0?}, {0x45aec48, 0xc000228540}, 0xc000186800)
	/usr/local/go/src/net/http/server.go:2947 +0x30c
net/http.(*conn).serve(0xc0000b77c0, {0x45af100, 0xc00009b500})
	/usr/local/go/src/net/http/server.go:1991 +0x607
created by net/http.(*Server).Serve
	/usr/local/go/src/net/http/server.go:3102 +0x4db
2022/09/18 18:00:00 server.go:3230: http: panic serving [::1]:63983: open app/views/templates/public_nabvar.html: no such file or directory
goroutine 72 [running]:
net/http.(*conn).serve.func1()
	/usr/local/go/src/net/http/server.go:1850 +0xbf
panic({0x44c4780, 0xc000291680})
	/usr/local/go/src/runtime/panic.go:890 +0x262
html/template.Must(...)
	/usr/local/go/src/html/template/template.go:368
hello/app/controllers.generateHTML({0x45aec48?, 0xc000228620}, {0x44a0be0, 0x45ab0d0}, {0xc000059a10?, 0x3, 0x0?})
	/Users/yamanakakohei/go_todo/app/controllers/server.go:19 +0x106
hello/app/controllers.top({0x45aec48?, 0xc000228620?}, 0x40c3633?)
	/Users/yamanakakohei/go_todo/app/controllers/route_main.go:10 +0x97
net/http.HandlerFunc.ServeHTTP(0xc000059af0?, {0x45aec48?, 0xc000228620?}, 0x0?)
	/usr/local/go/src/net/http/server.go:2109 +0x2f
net/http.(*ServeMux).ServeHTTP(0x0?, {0x45aec48, 0xc000228620}, 0xc000246900)
	/usr/local/go/src/net/http/server.go:2487 +0x149
net/http.serverHandler.ServeHTTP({0xc000278330?}, {0x45aec48, 0xc000228620}, 0xc000246900)
	/usr/local/go/src/net/http/server.go:2947 +0x30c
net/http.(*conn).serve(0xc000000320, {0x45af100, 0xc00009b500})
	/usr/local/go/src/net/http/server.go:1991 +0x607
created by net/http.(*Server).Serve
	/usr/local/go/src/net/http/server.go:3102 +0x4db
2022/09/18 18:00:00 server.go:3230: http: panic serving [::1]:63984: open app/views/templates/public_nabvar.html: no such file or directory
goroutine 60 [running]:
net/http.(*conn).serve.func1()
	/usr/local/go/src/net/http/server.go:1850 +0xbf
panic({0x44c4780, 0xc000278b10})
	/usr/local/go/src/runtime/panic.go:890 +0x262
html/template.Must(...)
	/usr/local/go/src/html/template/template.go:368
hello/app/controllers.generateHTML({0x45aec48?, 0xc000228700}, {0x44a0be0, 0x45ab0d0}, {0xc000059a10?, 0x3, 0x0?})
	/Users/yamanakakohei/go_todo/app/controllers/server.go:19 +0x106
hello/app/controllers.top({0x45aec48?, 0xc000228700?}, 0x40c3633?)
	/Users/yamanakakohei/go_todo/app/controllers/route_main.go:10 +0x97
net/http.HandlerFunc.ServeHTTP(0xc000059af0?, {0x45aec48?, 0xc000228700?}, 0x0?)
	/usr/local/go/src/net/http/server.go:2109 +0x2f
net/http.(*ServeMux).ServeHTTP(0x0?, {0x45aec48, 0xc000228700}, 0xc000246b00)
	/usr/local/go/src/net/http/server.go:2487 +0x149
net/http.serverHandler.ServeHTTP({0xc000278690?}, {0x45aec48, 0xc000228700}, 0xc000246b00)
	/usr/local/go/src/net/http/server.go:2947 +0x30c
net/http.(*conn).serve(0xc0002ce140, {0x45af100, 0xc00009b500})
	/usr/local/go/src/net/http/server.go:1991 +0x607
created by net/http.(*Server).Serve
	/usr/local/go/src/net/http/server.go:3102 +0x4db
2022/09/18 18:00:01 server.go:3230: http: panic serving [::1]:63985: open app/views/templates/public_nabvar.html: no such file or directory
goroutine 61 [running]:
net/http.(*conn).serve.func1()
	/usr/local/go/src/net/http/server.go:1850 +0xbf
panic({0x44c4780, 0xc000278f90})
	/usr/local/go/src/runtime/panic.go:890 +0x262
html/template.Must(...)
	/usr/local/go/src/html/template/template.go:368
hello/app/controllers.generateHTML({0x45aec48?, 0xc0002287e0}, {0x44a0be0, 0x45ab0d0}, {0xc000114a10?, 0x3, 0x0?})
	/Users/yamanakakohei/go_todo/app/controllers/server.go:19 +0x106
hello/app/controllers.top({0x45aec48?, 0xc0002287e0?}, 0x40c3633?)
	/Users/yamanakakohei/go_todo/app/controllers/route_main.go:10 +0x97
net/http.HandlerFunc.ServeHTTP(0xc000114af0?, {0x45aec48?, 0xc0002287e0?}, 0x0?)
	/usr/local/go/src/net/http/server.go:2109 +0x2f
net/http.(*ServeMux).ServeHTTP(0x0?, {0x45aec48, 0xc0002287e0}, 0xc0002d0700)
	/usr/local/go/src/net/http/server.go:2487 +0x149
net/http.serverHandler.ServeHTTP({0xc0002917a0?}, {0x45aec48, 0xc0002287e0}, 0xc0002d0700)
	/usr/local/go/src/net/http/server.go:2947 +0x30c
net/http.(*conn).serve(0xc0002ce1e0, {0x45af100, 0xc00009b500})
	/usr/local/go/src/net/http/server.go:1991 +0x607
created by net/http.(*Server).Serve
	/usr/local/go/src/net/http/server.go:3102 +0x4db
2022/09/18 18:00:01 server.go:3230: http: panic serving [::1]:63986: open app/views/templates/public_nabvar.html: no such file or directory
goroutine 33 [running]:
net/http.(*conn).serve.func1()
	/usr/local/go/src/net/http/server.go:1850 +0xbf
panic({0x44c4780, 0xc00011e3c0})
	/usr/local/go/src/runtime/panic.go:890 +0x262
html/template.Must(...)
	/usr/local/go/src/html/template/template.go:368
hello/app/controllers.generateHTML({0x45aec48?, 0xc0002288c0}, {0x44a0be0, 0x45ab0d0}, {0xc00005aa10?, 0x3, 0x0?})
	/Users/yamanakakohei/go_todo/app/controllers/server.go:19 +0x106
hello/app/controllers.top({0x45aec48?, 0xc0002288c0?}, 0x40c3633?)
	/Users/yamanakakohei/go_todo/app/controllers/route_main.go:10 +0x97
net/http.HandlerFunc.ServeHTTP(0xc00005aaf0?, {0x45aec48?, 0xc0002288c0?}, 0x0?)
	/usr/local/go/src/net/http/server.go:2109 +0x2f
net/http.(*ServeMux).ServeHTTP(0x0?, {0x45aec48, 0xc0002288c0}, 0xc000186900)
	/usr/local/go/src/net/http/server.go:2487 +0x149
net/http.serverHandler.ServeHTTP({0xc0001d0750?}, {0x45aec48, 0xc0002288c0}, 0xc000186900)
	/usr/local/go/src/net/http/server.go:2947 +0x30c
net/http.(*conn).serve(0xc0000b7860, {0x45af100, 0xc00009b500})
	/usr/local/go/src/net/http/server.go:1991 +0x607
created by net/http.(*Server).Serve
	/usr/local/go/src/net/http/server.go:3102 +0x4db
2022/09/18 18:00:01 server.go:3230: http: panic serving [::1]:63987: open app/views/templates/public_nabvar.html: no such file or directory
goroutine 82 [running]:
net/http.(*conn).serve.func1()
	/usr/local/go/src/net/http/server.go:1850 +0xbf
panic({0x44c4780, 0xc000279410})
	/usr/local/go/src/runtime/panic.go:890 +0x262
html/template.Must(...)
	/usr/local/go/src/html/template/template.go:368
hello/app/controllers.generateHTML({0x45aec48?, 0xc0001a42a0}, {0x44a0be0, 0x45ab0d0}, {0xc00005ba10?, 0x3, 0x0?})
	/Users/yamanakakohei/go_todo/app/controllers/server.go:19 +0x106
hello/app/controllers.top({0x45aec48?, 0xc0001a42a0?}, 0x40c3633?)
	/Users/yamanakakohei/go_todo/app/controllers/route_main.go:10 +0x97
net/http.HandlerFunc.ServeHTTP(0xc00005baf0?, {0x45aec48?, 0xc0001a42a0?}, 0x0?)
	/usr/local/go/src/net/http/server.go:2109 +0x2f
net/http.(*ServeMux).ServeHTTP(0x0?, {0x45aec48, 0xc0001a42a0}, 0xc000186a00)
	/usr/local/go/src/net/http/server.go:2487 +0x149
net/http.serverHandler.ServeHTTP({0xc0001d0810?}, {0x45aec48, 0xc0001a42a0}, 0xc000186a00)
	/usr/local/go/src/net/http/server.go:2947 +0x30c
net/http.(*conn).serve(0xc0000b7900, {0x45af100, 0xc00009b500})
	/usr/local/go/src/net/http/server.go:1991 +0x607
created by net/http.(*Server).Serve
	/usr/local/go/src/net/http/server.go:3102 +0x4db
2022/09/18 18:00:01 server.go:3230: http: panic serving [::1]:63988: open app/views/templates/public_nabvar.html: no such file or directory
goroutine 35 [running]:
net/http.(*conn).serve.func1()
	/usr/local/go/src/net/http/server.go:1850 +0xbf
panic({0x44c4780, 0xc0002798f0})
	/usr/local/go/src/runtime/panic.go:890 +0x262
html/template.Must(...)
	/usr/local/go/src/html/template/template.go:368
hello/app/controllers.generateHTML({0x45aec48?, 0xc0002289a0}, {0x44a0be0, 0x45ab0d0}, {0xc00005aa10?, 0x3, 0x0?})
	/Users/yamanakakohei/go_todo/app/controllers/server.go:19 +0x106
hello/app/controllers.top({0x45aec48?, 0xc0002289a0?}, 0x40c3633?)
	/Users/yamanakakohei/go_todo/app/controllers/route_main.go:10 +0x97
net/http.HandlerFunc.ServeHTTP(0xc00005aaf0?, {0x45aec48?, 0xc0002289a0?}, 0x0?)
	/usr/local/go/src/net/http/server.go:2109 +0x2f
net/http.(*ServeMux).ServeHTTP(0x0?, {0x45aec48, 0xc0002289a0}, 0xc000246f00)
	/usr/local/go/src/net/http/server.go:2487 +0x149
net/http.serverHandler.ServeHTTP({0xc000279470?}, {0x45aec48, 0xc0002289a0}, 0xc000246f00)
	/usr/local/go/src/net/http/server.go:2947 +0x30c
net/http.(*conn).serve(0xc0001340a0, {0x45af100, 0xc00009b500})
	/usr/local/go/src/net/http/server.go:1991 +0x607
created by net/http.(*Server).Serve
	/usr/local/go/src/net/http/server.go:3102 +0x4db
2022/09/18 18:00:01 server.go:3230: http: panic serving [::1]:63989: open app/views/templates/public_nabvar.html: no such file or directory
goroutine 36 [running]:
net/http.(*conn).serve.func1()
	/usr/local/go/src/net/http/server.go:1850 +0xbf
panic({0x44c4780, 0xc000279d70})
	/usr/local/go/src/runtime/panic.go:890 +0x262
html/template.Must(...)
	/usr/local/go/src/html/template/template.go:368
hello/app/controllers.generateHTML({0x45aec48?, 0xc000228a80}, {0x44a0be0, 0x45ab0d0}, {0xc00011ba10?, 0x3, 0x0?})
	/Users/yamanakakohei/go_todo/app/controllers/server.go:19 +0x106
hello/app/controllers.top({0x45aec48?, 0xc000228a80?}, 0x40c3633?)
	/Users/yamanakakohei/go_todo/app/controllers/route_main.go:10 +0x97
net/http.HandlerFunc.ServeHTTP(0xc00011baf0?, {0x45aec48?, 0xc000228a80?}, 0x0?)
	/usr/local/go/src/net/http/server.go:2109 +0x2f
net/http.(*ServeMux).ServeHTTP(0x0?, {0x45aec48, 0xc000228a80}, 0xc00012a200)
	/usr/local/go/src/net/http/server.go:2487 +0x149
net/http.serverHandler.ServeHTTP({0xc00011e4e0?}, {0x45aec48, 0xc000228a80}, 0xc00012a200)
	/usr/local/go/src/net/http/server.go:2947 +0x30c
net/http.(*conn).serve(0xc000134140, {0x45af100, 0xc00009b500})
	/usr/local/go/src/net/http/server.go:1991 +0x607
created by net/http.(*Server).Serve
	/usr/local/go/src/net/http/server.go:3102 +0x4db
2022/09/18 18:00:01 server.go:3230: http: panic serving [::1]:63990: open app/views/templates/public_nabvar.html: no such file or directory
goroutine 85 [running]:
net/http.(*conn).serve.func1()
	/usr/local/go/src/net/http/server.go:1850 +0xbf
panic({0x44c4780, 0xc00011e630})
	/usr/local/go/src/runtime/panic.go:890 +0x262
html/template.Must(...)
	/usr/local/go/src/html/template/template.go:368
hello/app/controllers.generateHTML({0x45aec48?, 0xc000228b60}, {0x44a0be0, 0x45ab0d0}, {0xc00005ba10?, 0x3, 0x0?})
	/Users/yamanakakohei/go_todo/app/controllers/server.go:19 +0x106
hello/app/controllers.top({0x45aec48?, 0xc000228b60?}, 0x40c3633?)
	/Users/yamanakakohei/go_todo/app/controllers/route_main.go:10 +0x97
net/http.HandlerFunc.ServeHTTP(0xc00005baf0?, {0x45aec48?, 0xc000228b60?}, 0x0?)
	/usr/local/go/src/net/http/server.go:2109 +0x2f
net/http.(*ServeMux).ServeHTTP(0x0?, {0x45aec48, 0xc000228b60}, 0xc000186c00)
	/usr/local/go/src/net/http/server.go:2487 +0x149
net/http.serverHandler.ServeHTTP({0xc0001d0bd0?}, {0x45aec48, 0xc000228b60}, 0xc000186c00)
	/usr/local/go/src/net/http/server.go:2947 +0x30c
net/http.(*conn).serve(0xc0000b79a0, {0x45af100, 0xc00009b500})
	/usr/local/go/src/net/http/server.go:1991 +0x607
created by net/http.(*Server).Serve
	/usr/local/go/src/net/http/server.go:3102 +0x4db
2022/09/18 18:00:01 server.go:3230: http: panic serving [::1]:63991: open app/views/templates/public_nabvar.html: no such file or directory
goroutine 37 [running]:
net/http.(*conn).serve.func1()
	/usr/local/go/src/net/http/server.go:1850 +0xbf
panic({0x44c4780, 0xc0001d0cc0})
	/usr/local/go/src/runtime/panic.go:890 +0x262
html/template.Must(...)
	/usr/local/go/src/html/template/template.go:368
hello/app/controllers.generateHTML({0x45aec48?, 0xc000174000}, {0x44a0be0, 0x45ab0d0}, {0xc00005aa10?, 0x3, 0x0?})
	/Users/yamanakakohei/go_todo/app/controllers/server.go:19 +0x106
hello/app/controllers.top({0x45aec48?, 0xc000174000?}, 0x40c3633?)
	/Users/yamanakakohei/go_todo/app/controllers/route_main.go:10 +0x97
net/http.HandlerFunc.ServeHTTP(0xc00005aaf0?, {0x45aec48?, 0xc000174000?}, 0x0?)
	/usr/local/go/src/net/http/server.go:2109 +0x2f
net/http.(*ServeMux).ServeHTTP(0x0?, {0x45aec48, 0xc000174000}, 0xc00012a300)
	/usr/local/go/src/net/http/server.go:2487 +0x149
net/http.serverHandler.ServeHTTP({0xc00011e6f0?}, {0x45aec48, 0xc000174000}, 0xc00012a300)
	/usr/local/go/src/net/http/server.go:2947 +0x30c
net/http.(*conn).serve(0xc0001341e0, {0x45af100, 0xc00009b500})
	/usr/local/go/src/net/http/server.go:1991 +0x607
created by net/http.(*Server).Serve
	/usr/local/go/src/net/http/server.go:3102 +0x4db
2022/09/18 18:00:01 server.go:3230: http: panic serving [::1]:63992: open app/views/templates/public_nabvar.html: no such file or directory
goroutine 86 [running]:
net/http.(*conn).serve.func1()
	/usr/local/go/src/net/http/server.go:1850 +0xbf
panic({0x44c4780, 0xc00011eed0})
	/usr/local/go/src/runtime/panic.go:890 +0x262
html/template.Must(...)
	/usr/local/go/src/html/template/template.go:368
hello/app/controllers.generateHTML({0x45aec48?, 0xc0001740e0}, {0x44a0be0, 0x45ab0d0}, {0xc00005aa10?, 0x3, 0x0?})
	/Users/yamanakakohei/go_todo/app/controllers/server.go:19 +0x106
hello/app/controllers.top({0x45aec48?, 0xc0001740e0?}, 0x40c3633?)
	/Users/yamanakakohei/go_todo/app/controllers/route_main.go:10 +0x97
net/http.HandlerFunc.ServeHTTP(0xc00005aaf0?, {0x45aec48?, 0xc0001740e0?}, 0x0?)
	/usr/local/go/src/net/http/server.go:2109 +0x2f
net/http.(*ServeMux).ServeHTTP(0x0?, {0x45aec48, 0xc0001740e0}, 0xc00012a500)
	/usr/local/go/src/net/http/server.go:2487 +0x149
net/http.serverHandler.ServeHTTP({0xc00011ea50?}, {0x45aec48, 0xc0001740e0}, 0xc00012a500)
	/usr/local/go/src/net/http/server.go:2947 +0x30c
net/http.(*conn).serve(0xc0000b7a40, {0x45af100, 0xc00009b500})
	/usr/local/go/src/net/http/server.go:1991 +0x607
created by net/http.(*Server).Serve
	/usr/local/go/src/net/http/server.go:3102 +0x4db
2022/09/18 18:00:02 server.go:3230: http: panic serving [::1]:63993: open app/views/templates/public_nabvar.html: no such file or directory
goroutine 87 [running]:
net/http.(*conn).serve.func1()
	/usr/local/go/src/net/http/server.go:1850 +0xbf
panic({0x44c4780, 0xc00011f380})
	/usr/local/go/src/runtime/panic.go:890 +0x262
html/template.Must(...)
	/usr/local/go/src/html/template/template.go:368
hello/app/controllers.generateHTML({0x45aec48?, 0xc0001741c0}, {0x44a0be0, 0x45ab0d0}, {0xc0001eea10?, 0x3, 0x0?})
	/Users/yamanakakohei/go_todo/app/controllers/server.go:19 +0x106
hello/app/controllers.top({0x45aec48?, 0xc0001741c0?}, 0x40c3633?)
	/Users/yamanakakohei/go_todo/app/controllers/route_main.go:10 +0x97
net/http.HandlerFunc.ServeHTTP(0xc0001eeaf0?, {0x45aec48?, 0xc0001741c0?}, 0x0?)
	/usr/local/go/src/net/http/server.go:2109 +0x2f
net/http.(*ServeMux).ServeHTTP(0x0?, {0x45aec48, 0xc0001741c0}, 0xc000186d00)
	/usr/local/go/src/net/http/server.go:2487 +0x149
net/http.serverHandler.ServeHTTP({0xc0001d0de0?}, {0x45aec48, 0xc0001741c0}, 0xc000186d00)
	/usr/local/go/src/net/http/server.go:2947 +0x30c
net/http.(*conn).serve(0xc0000b7ae0, {0x45af100, 0xc00009b500})
	/usr/local/go/src/net/http/server.go:1991 +0x607
created by net/http.(*Server).Serve
	/usr/local/go/src/net/http/server.go:3102 +0x4db
2022/09/18 18:00:02 server.go:3230: http: panic serving [::1]:63994: open app/views/templates/public_nabvar.html: no such file or directory
goroutine 103 [running]:
net/http.(*conn).serve.func1()
	/usr/local/go/src/net/http/server.go:1850 +0xbf
panic({0x44c4780, 0xc0001d0f60})
	/usr/local/go/src/runtime/panic.go:890 +0x262
html/template.Must(...)
	/usr/local/go/src/html/template/template.go:368
hello/app/controllers.generateHTML({0x45aec48?, 0xc0001742a0}, {0x44a0be0, 0x45ab0d0}, {0xc00005ba10?, 0x3, 0x0?})
	/Users/yamanakakohei/go_todo/app/controllers/server.go:19 +0x106
hello/app/controllers.top({0x45aec48?, 0xc0001742a0?}, 0x40c3633?)
	/Users/yamanakakohei/go_todo/app/controllers/route_main.go:10 +0x97
net/http.HandlerFunc.ServeHTTP(0xc00005baf0?, {0x45aec48?, 0xc0001742a0?}, 0x0?)
	/usr/local/go/src/net/http/server.go:2109 +0x2f
net/http.(*ServeMux).ServeHTTP(0x0?, {0x45aec48, 0xc0001742a0}, 0xc000247300)
	/usr/local/go/src/net/http/server.go:2487 +0x149
net/http.serverHandler.ServeHTTP({0xc0003d8210?}, {0x45aec48, 0xc0001742a0}, 0xc000247300)
	/usr/local/go/src/net/http/server.go:2947 +0x30c
net/http.(*conn).serve(0xc0000003c0, {0x45af100, 0xc00009b500})
	/usr/local/go/src/net/http/server.go:1991 +0x607
created by net/http.(*Server).Serve
	/usr/local/go/src/net/http/server.go:3102 +0x4db
2022/09/18 18:00:02 server.go:3230: http: panic serving [::1]:63995: open app/views/templates/public_nabvar.html: no such file or directory
goroutine 88 [running]:
net/http.(*conn).serve.func1()
	/usr/local/go/src/net/http/server.go:1850 +0xbf
panic({0x44c4780, 0xc0001d14a0})
	/usr/local/go/src/runtime/panic.go:890 +0x262
html/template.Must(...)
	/usr/local/go/src/html/template/template.go:368
hello/app/controllers.generateHTML({0x45aec48?, 0xc0001a4380}, {0x44a0be0, 0x45ab0d0}, {0xc0001efa10?, 0x3, 0x0?})
	/Users/yamanakakohei/go_todo/app/controllers/server.go:19 +0x106
hello/app/controllers.top({0x45aec48?, 0xc0001a4380?}, 0x40c3633?)
	/Users/yamanakakohei/go_todo/app/controllers/route_main.go:10 +0x97
net/http.HandlerFunc.ServeHTTP(0xc0001efaf0?, {0x45aec48?, 0xc0001a4380?}, 0x0?)
	/usr/local/go/src/net/http/server.go:2109 +0x2f
net/http.(*ServeMux).ServeHTTP(0x0?, {0x45aec48, 0xc0001a4380}, 0xc000186e00)
	/usr/local/go/src/net/http/server.go:2487 +0x149
net/http.serverHandler.ServeHTTP({0xc0001d1020?}, {0x45aec48, 0xc0001a4380}, 0xc000186e00)
	/usr/local/go/src/net/http/server.go:2947 +0x30c
net/http.(*conn).serve(0xc0000b7b80, {0x45af100, 0xc00009b500})
	/usr/local/go/src/net/http/server.go:1991 +0x607
created by net/http.(*Server).Serve
	/usr/local/go/src/net/http/server.go:3102 +0x4db
2022/09/18 18:04:54 server.go:3230: http: panic serving [::1]:64019: open app/views/templates/public_nabvar.html: no such file or directory
goroutine 91 [running]:
net/http.(*conn).serve.func1()
	/usr/local/go/src/net/http/server.go:1850 +0xbf
panic({0x44c4780, 0xc0003d86f0})
	/usr/local/go/src/runtime/panic.go:890 +0x262
html/template.Must(...)
	/usr/local/go/src/html/template/template.go:368
hello/app/controllers.generateHTML({0x45aec48?, 0xc000228c40}, {0x44a0be0, 0x45ab0d0}, {0xc00011ba10?, 0x3, 0x0?})
	/Users/yamanakakohei/go_todo/app/controllers/server.go:19 +0x106
hello/app/controllers.top({0x45aec48?, 0xc000228c40?}, 0x40c3633?)
	/Users/yamanakakohei/go_todo/app/controllers/route_main.go:10 +0x97
net/http.HandlerFunc.ServeHTTP(0xc00011baf0?, {0x45aec48?, 0xc000228c40?}, 0x0?)
	/usr/local/go/src/net/http/server.go:2109 +0x2f
net/http.(*ServeMux).ServeHTTP(0x0?, {0x45aec48, 0xc000228c40}, 0xc000247400)
	/usr/local/go/src/net/http/server.go:2487 +0x149
net/http.serverHandler.ServeHTTP({0xc0003d8270?}, {0x45aec48, 0xc000228c40}, 0xc000247400)
	/usr/local/go/src/net/http/server.go:2947 +0x30c
net/http.(*conn).serve(0xc0000b7c20, {0x45af100, 0xc00009b500})
	/usr/local/go/src/net/http/server.go:1991 +0x607
created by net/http.(*Server).Serve
	/usr/local/go/src/net/http/server.go:3102 +0x4db
